<?xml version="1.0" encoding="utf-8"?><testsuites><testsuite errors="0" failures="0" hostname="17c02e546960" name="pytest" skipped="0" tests="1" time="4.974" timestamp="2020-04-23T14:11:46.316874"><testcase classname="tests.test_api" file="../home/tina/VIAA/s3io/tests/test_api.py" line="14" name="test_health" time="0.020"></testcase></testsuite></testsuites>