<?xml version="1.0" encoding="utf-8"?><testsuites><testsuite errors="0" failures="0" hostname="41f5215e2c61" name="pytest" skipped="0" tests="1" time="2.025" timestamp="2020-08-21T12:47:47.672235"><testcase classname="tests.test_api" file="tests/test_api.py" line="14" name="test_health" time="0.007"></testcase></testsuite></testsuites>