<?xml version="1.0" encoding="utf-8"?><testsuites><testsuite errors="0" failures="0" hostname="4e5908e8c951" name="pytest" skipped="0" tests="1" time="3.695" timestamp="2020-04-23T15:15:03.770607"><testcase classname="tests.test_api" file="../home/tina/VIAA/s3io/tests/test_api.py" line="14" name="test_health" time="0.015"></testcase></testsuite></testsuites>